TN:
SF:src/App.vue
FN:55,render
FN:62,(anonymous_1)
FNF:2
FNH:0
FNDA:0,render
FNDA:0,(anonymous_1)
DA:4,0
DA:5,0
DA:8,0
DA:36,0
DA:38,0
DA:39,0
DA:42,0
DA:43,0
DA:44,0
DA:45,0
DA:49,0
DA:52,0
DA:56,0
DA:57,0
DA:62,0
DA:74,0
LF:16
LH:0
BRDA:57,0,0,0
BRDA:57,0,1,0
BRDA:62,1,0,0
BRDA:62,1,1,0
BRDA:62,2,0,0
BRDA:62,2,1,0
BRDA:64,3,0,0
BRDA:64,3,1,0
BRDA:68,4,0,0
BRDA:68,4,1,0
BRDA:70,5,0,0
BRDA:70,5,1,0
BRF:12
BRH:0
end_of_record
TN:
SF:src/components/ConditionList.vue
FN:76,render
FN:77,(anonymous_1)
FN:87,(anonymous_2)
FNF:3
FNH:2
FNDA:4,render
FNDA:2,(anonymous_1)
FNDA:0,(anonymous_2)
DA:4,1
DA:5,1
DA:8,1
DA:57,1
DA:59,1
DA:62,1
DA:63,1
DA:64,1
DA:67,1
DA:70,1
DA:73,1
DA:77,4
DA:78,2
DA:87,0
DA:92,1
LF:15
LH:14
BRDA:82,0,0,2
BRDA:82,0,1,2
BRDA:82,1,0,2
BRDA:82,1,1,2
BRDA:87,2,0,4
BRDA:87,2,1,2
BRDA:89,3,0,4
BRDA:89,3,1,2
BRF:8
BRH:8
end_of_record
TN:
SF:src/components/SignUp.vue
FN:297,render
FN:301,(anonymous_1)
FN:303,(anonymous_2)
FN:306,(anonymous_3)
FN:309,(anonymous_4)
FN:313,(anonymous_5)
FN:320,(anonymous_6)
FN:329,(anonymous_7)
FN:333,(anonymous_8)
FN:339,(anonymous_9)
FN:340,(anonymous_10)
FN:341,(anonymous_11)
FN:346,(anonymous_12)
FN:353,(anonymous_13)
FN:360,(anonymous_14)
FN:369,(anonymous_15)
FN:373,(anonymous_16)
FN:379,(anonymous_17)
FN:382,(anonymous_18)
FN:386,(anonymous_19)
FN:387,(anonymous_20)
FN:388,(anonymous_21)
FN:391,(anonymous_22)
FN:397,(anonymous_23)
FN:398,(anonymous_24)
FN:403,(anonymous_25)
FN:409,(anonymous_26)
FN:414,(anonymous_27)
FN:420,(anonymous_28)
FN:433,(anonymous_29)
FNF:30
FNH:8
FNDA:44,render
FNDA:0,(anonymous_1)
FNDA:0,(anonymous_2)
FNDA:0,(anonymous_3)
FNDA:1,(anonymous_4)
FNDA:0,(anonymous_5)
FNDA:0,(anonymous_6)
FNDA:0,(anonymous_7)
FNDA:0,(anonymous_8)
FNDA:0,(anonymous_9)
FNDA:0,(anonymous_10)
FNDA:0,(anonymous_11)
FNDA:0,(anonymous_12)
FNDA:4,(anonymous_13)
FNDA:0,(anonymous_14)
FNDA:0,(anonymous_15)
FNDA:0,(anonymous_16)
FNDA:4,(anonymous_17)
FNDA:4,(anonymous_18)
FNDA:0,(anonymous_19)
FNDA:0,(anonymous_20)
FNDA:0,(anonymous_21)
FNDA:16,(anonymous_22)
FNDA:0,(anonymous_23)
FNDA:0,(anonymous_24)
FNDA:1,(anonymous_25)
FNDA:3,(anonymous_26)
FNDA:0,(anonymous_27)
FNDA:0,(anonymous_28)
FNDA:0,(anonymous_29)
DA:4,1
DA:5,1
DA:8,1
DA:9,1
DA:10,1
DA:11,1
DA:12,1
DA:224,1
DA:226,1
DA:229,1
DA:230,1
DA:231,1
DA:234,1
DA:237,1
DA:240,1
DA:243,1
DA:246,1
DA:249,1
DA:252,1
DA:255,1
DA:258,1
DA:259,1
DA:262,1
DA:266,1
DA:269,1
DA:272,1
DA:273,1
DA:277,1
DA:280,1
DA:283,1
DA:284,1
DA:287,1
DA:290,1
DA:294,1
DA:298,44
DA:299,44
DA:301,0
DA:303,0
DA:306,0
DA:309,1
DA:313,0
DA:320,0
DA:329,0
DA:333,0
DA:339,0
DA:340,0
DA:341,0
DA:346,0
DA:353,4
DA:360,0
DA:369,0
DA:373,0
DA:379,4
DA:382,4
DA:386,0
DA:387,0
DA:388,0
DA:392,16
DA:397,0
DA:398,0
DA:403,1
DA:410,3
DA:415,0
DA:420,0
DA:433,0
DA:436,1
LF:66
LH:44
BRDA:301,0,0,44
BRDA:301,0,1,15
BRDA:302,1,0,43
BRDA:302,1,1,1
BRDA:302,2,0,14
BRDA:302,2,1,29
BRDA:303,3,0,43
BRDA:303,3,1,15
BRDA:306,4,0,43
BRDA:306,4,1,15
BRDA:307,5,0,14
BRDA:307,5,1,29
BRDA:309,6,0,43
BRDA:309,6,1,15
BRDA:310,7,0,29
BRDA:310,7,1,14
BRDA:311,8,0,40
BRDA:311,8,1,3
BRDA:311,9,0,14
BRDA:311,9,1,26
BRDA:313,10,0,14
BRDA:313,10,1,14
BRDA:313,11,0,0
BRDA:313,11,1,0
BRDA:315,12,0,14
BRDA:315,12,1,14
BRDA:320,13,0,14
BRDA:320,13,1,14
BRDA:324,14,0,14
BRDA:324,14,1,14
BRDA:329,15,0,14
BRDA:329,15,1,14
BRDA:329,16,0,0
BRDA:329,16,1,0
BRDA:333,17,0,14
BRDA:333,17,1,14
BRDA:334,18,0,0
BRDA:334,18,1,14
BRDA:339,19,0,14
BRDA:339,19,1,14
BRDA:340,20,0,14
BRDA:340,20,1,14
BRDA:341,21,0,14
BRDA:341,21,1,14
BRDA:342,22,0,14
BRDA:342,22,1,14
BRDA:346,23,0,14
BRDA:346,23,1,14
BRDA:348,24,0,14
BRDA:348,24,1,14
BRDA:348,25,0,14
BRDA:348,25,1,14
BRDA:353,26,0,26
BRDA:353,26,1,8
BRDA:353,27,0,4
BRDA:353,27,1,4
BRDA:355,28,0,26
BRDA:355,28,1,8
BRDA:360,29,0,26
BRDA:360,29,1,8
BRDA:364,30,0,26
BRDA:364,30,1,8
BRDA:369,31,0,26
BRDA:369,31,1,8
BRDA:373,32,0,26
BRDA:373,32,1,8
BRDA:373,33,0,0
BRDA:373,33,1,0
BRDA:374,34,0,0
BRDA:374,34,1,26
BRDA:374,35,0,26
BRDA:374,35,1,8
BRDA:379,36,0,26
BRDA:379,36,1,8
BRDA:380,37,0,0
BRDA:380,37,1,26
BRDA:382,38,0,26
BRDA:382,38,1,8
BRDA:382,39,0,4
BRDA:382,39,1,4
BRDA:386,40,0,26
BRDA:386,40,1,8
BRDA:387,41,0,26
BRDA:387,41,1,8
BRDA:388,42,0,26
BRDA:388,42,1,8
BRDA:389,43,0,26
BRDA:389,43,1,8
BRDA:391,44,0,4
BRDA:391,44,1,22
BRDA:391,45,0,4
BRDA:391,45,1,1
BRDA:397,46,0,26
BRDA:397,46,1,8
BRDA:398,47,0,26
BRDA:398,47,1,8
BRDA:398,48,0,0
BRDA:398,48,1,0
BRDA:401,49,0,26
BRDA:401,49,1,8
BRDA:403,50,0,26
BRDA:403,50,1,8
BRDA:405,51,0,26
BRDA:405,51,1,8
BRDA:407,52,0,26
BRDA:407,52,1,11
BRDA:407,52,2,9
BRDA:420,53,0,3
BRDA:420,53,1,3
BRDA:422,54,0,3
BRDA:422,54,1,3
BRDA:427,55,0,1
BRDA:427,55,1,1
BRDA:429,56,0,1
BRDA:429,56,1,1
BRDA:431,57,0,1
BRDA:431,57,1,1
BRDA:431,58,0,1
BRDA:431,58,1,1
BRDA:431,59,0,1
BRDA:431,59,1,1
BRDA:433,60,0,1
BRDA:433,60,1,1
BRDA:433,61,0,0
BRDA:433,61,1,0
BRF:125
BRH:112
end_of_record
